<?xml version="1.0" encoding="UTF-8"?>
<testsuite name="PersonalityControllerTest" tests="1" skipped="0" failures="0" errors="0" timestamp="2024-02-17T08:56:41" hostname="DESKTOP-HCNJFQH" time="2.182">
  <properties/>
  <testcase name="testSaveResult()" classname="PersonalityControllerTest" time="2.182"/>
  <system-out><![CDATA[]]></system-out>
  <system-err><![CDATA[]]></system-err>
</testsuite>
